iMPACT Version: 10.1.03

iMPACT log file Started on Sun Nov 26 22:43:32 2017

// *** BATCH CMD : setMode -bs
// *** BATCH CMD : setMode -bs
GUI --- Auto connect to cable...
// *** BATCH CMD : setCable -port auto
AutoDetecting cable. Please wait.
PROGRESS_START - Starting Operation.
Reusing 78010001 key.
Reusing FC010001 key.
Connecting to cable (Parallel Port - parport0).
 Linux release = 4.2.0-42-generic.
WARNING:iMPACT -  Module windrvr6 is not loaded. Please reinstall the cable   drivers. See Answer Record 22648.
Cable connection failed.
Reusing 79010001 key.
Reusing FD010001 key.
Connecting to cable (Parallel Port - parport1).
 Linux release = 4.2.0-42-generic.
WARNING:iMPACT -  Module windrvr6 is not loaded. Please reinstall the cable   drivers. See Answer Record 22648.
Cable connection failed.
Reusing 7A010001 key.
Reusing FE010001 key.
Connecting to cable (Parallel Port - parport2).
 Linux release = 4.2.0-42-generic.
WARNING:iMPACT -  Module windrvr6 is not loaded. Please reinstall the cable   drivers. See Answer Record 22648.
Cable connection failed.
Reusing 7B010001 key.
Reusing FF010001 key.
Connecting to cable (Parallel Port - parport3).
 Linux release = 4.2.0-42-generic.
WARNING:iMPACT -  Module windrvr6 is not loaded. Please reinstall the cable   drivers. See Answer Record 22648.
Cable connection failed.
Reusing A0010001 key.
Reusing 24010001 key.
 Using libusb.
Connecting to cable (Usb Port - USB21).
Checking cable driver.
File version of/afs/csail.mit.edu/proj/redsocs/Xilinx10.1/ISE/bin/lin64/xusbdfwu.hex = 1030.
File version of /usr/share/xusbdfwu.hex = 1030.
 Using libusb.
 Max current requested during enumeration is 74 mA.
Type = 0x0004.
 Cable Type = 3, Revision = 0.
 Setting cable speed to 6 MHz.
Cable connection established.
Firmware version = 1303.
File version of /afs/csail.mit.edu/proj/redsocs/Xilinx10.1/ISE/data/xusb_xlp.hex= 1303.
Firmware hex file version = 1303.
PLD file version = 0012h.
 PLD version = 0012h.
PROGRESS_END - End Operation.
Elapsed time =      0 sec.
Attempting to identify devices in the boundary-scan chain configuration...// *** BATCH CMD : Identify 
PROGRESS_START - Starting Operation.
Identifying chain contents ....'1': : Manufacturer's ID =Xilinx xcf32p, Version : 15
INFO:iMPACT:1777 - 
   Reading   /afs/csail.mit.edu/proj/redsocs/Xilinx10.1/ISE/xcfp/data/xcf32p.bsd...
INFO:iMPACT:501 - '1': Added Device xcf32p successfully.
----------------------------------------------------------------------
----------------------------------------------------------------------
'2': : Manufacturer's ID =Xilinx xc2v6000, Version : 3
INFO:iMPACT:1777 - 
   Reading   /afs/csail.mit.edu/proj/redsocs/Xilinx10.1/ISE/virtex2/data/xc2v6000.bsd...
INFO:iMPACT:501 - '1': Added Device xc2v6000 successfully.
----------------------------------------------------------------------
----------------------------------------------------------------------
'3': : Manufacturer's ID =Xilinx xccace, Version : 0
INFO:iMPACT:1777 - 
   Reading   /afs/csail.mit.edu/proj/redsocs/Xilinx10.1/ISE/acecf/data/xccace.bsd...
INFO:iMPACT:501 - '1': Added Device xccace successfully.
----------------------------------------------------------------------
----------------------------------------------------------------------
done.
PROGRESS_END - End Operation.
Elapsed time =      0 sec.
// *** BATCH CMD : identifyMPM 
// *** BATCH CMD : assignFile -p 2 -file"/afs/athena.mit.edu/user/d/v/dvtran/Documents/6.111/finalproject/bobateam/sound_module/lab5.bit"
'2': Loading file'/afs/athena.mit.edu/user/d/v/dvtran/Documents/6.111/finalproject/bobateam/sound_module/lab5.bit' ...
done.
INFO:iMPACT:2257 - Startup Clock has been changed to 'JtagClk' in the bitstream   stored in memory,
   but the original bitstream file remains unchanged.
----------------------------------------------------------------------
INFO:iMPACT:501 - '2': Added Device xc2v6000 successfully.
----------------------------------------------------------------------
----------------------------------------------------------------------
