--------------------------------------------------------------------------------
Release 10.1.03 Trace  (lin64)
Copyright (c) 1995-2008 Xilinx, Inc.  All rights reserved.

/afs/csail.mit.edu/proj/redsocs/Xilinx10.1/ISE/bin/lin64/unwrapped/trce -ise
/afs/athena.mit.edu/user/v/s/vsouyang/Documents/6.111/basic_graphics/lab3ponggame.ise
-intstyle ise -v 3 -s 4 -xml lab3 lab3.ncd -o lab3.twr lab3.pcf -ucf labkit.ucf

Design file:              lab3.ncd
Physical constraint file: lab3.pcf
Device,package,speed:     xc2v6000,bf957,-4 (PRODUCTION 1.121 2008-07-25, STEPPING level 0)
Report level:             verbose report

Environment Variable      Effect 
--------------------      ------ 
NONE                      No environment variables were set
--------------------------------------------------------------------------------

INFO:Timing:2698 - No timing constraints found, doing default enumeration.
INFO:Timing:2752 - To get complete path coverage, use the unconstrained paths 
   option. All paths that are not constrained will be reported in the 
   unconstrained paths section(s) of the report.
INFO:Timing:3339 - The clock-to-out numbers in this timing report are based on 
   a 50 Ohm transmission line loading model.  For the details of this model, 
   and for more information on accounting for different loading conditions, 
   please see the device datasheet.



Data Sheet report:
-----------------
All values displayed in nanoseconds (ns)

Setup/Hold to clock clock_27mhz
------------+------------+------------+------------------+--------+
            |  Setup to  |  Hold to   |                  | Clock  |
Source      | clk (edge) | clk (edge) |Internal Clock(s) | Phase  |
------------+------------+------------+------------------+--------+
button_down |   -0.017(R)|    1.501(R)|clock_65mhz       |   0.000|
button_enter|   -0.147(R)|    1.900(R)|clock_65mhz       |   0.000|
button_up   |   -0.357(R)|    1.969(R)|clock_65mhz       |   0.000|
------------+------------+------------+------------------+--------+

Clock clock_27mhz to Pad
----------------+------------+------------------+--------+
                | clk (edge) |                  | Clock  |
Destination     |   to PAD   |Internal Clock(s) | Phase  |
----------------+------------+------------------+--------+
led<2>          |   17.398(R)|clock_65mhz       |   0.000|
led<3>          |   14.100(R)|clock_65mhz       |   0.000|
led<4>          |   13.443(R)|clock_65mhz       |   0.000|
vga_out_blank_b |   13.081(R)|clock_65mhz       |   0.000|
vga_out_blue<4> |   13.202(R)|clock_65mhz       |   0.000|
vga_out_blue<5> |   13.607(R)|clock_65mhz       |   0.000|
vga_out_blue<6> |   13.978(R)|clock_65mhz       |   0.000|
vga_out_blue<7> |   13.588(R)|clock_65mhz       |   0.000|
vga_out_green<4>|   14.538(R)|clock_65mhz       |   0.000|
vga_out_green<5>|   14.115(R)|clock_65mhz       |   0.000|
vga_out_green<6>|   13.483(R)|clock_65mhz       |   0.000|
vga_out_green<7>|   14.383(R)|clock_65mhz       |   0.000|
vga_out_hsync   |   13.092(R)|clock_65mhz       |   0.000|
vga_out_red<4>  |   14.151(R)|clock_65mhz       |   0.000|
vga_out_red<5>  |   13.401(R)|clock_65mhz       |   0.000|
vga_out_red<6>  |   13.478(R)|clock_65mhz       |   0.000|
vga_out_red<7>  |   14.195(R)|clock_65mhz       |   0.000|
vga_out_vsync   |   12.691(R)|clock_65mhz       |   0.000|
----------------+------------+------------------+--------+

Clock to Setup on destination clock clock_27mhz
---------------+---------+---------+---------+---------+
               | Src:Rise| Src:Fall| Src:Rise| Src:Fall|
Source Clock   |Dest:Rise|Dest:Rise|Dest:Fall|Dest:Fall|
---------------+---------+---------+---------+---------+
clock_27mhz    |   21.536|         |         |         |
---------------+---------+---------+---------+---------+

Pad to Pad
---------------+-------------------+---------+
Source Pad     |Destination Pad    |  Delay  |
---------------+-------------------+---------+
clock_27mhz    |vga_out_pixel_clock|   11.947|
switch<0>      |led<0>             |    6.115|
switch<1>      |led<1>             |    6.833|
---------------+-------------------+---------+


Analysis completed Wed Nov 29 15:58:36 2017 
--------------------------------------------------------------------------------

Trace Settings:
-------------------------
Trace Settings 

Peak Memory Usage: 369 MB



