--------------------------------------------------------------------------------
Release 10.1.03 Trace  (lin64)
Copyright (c) 1995-2008 Xilinx, Inc.  All rights reserved.

/afs/csail.mit.edu/proj/redsocs/Xilinx10.1/ISE/bin/lin64/unwrapped/trce -ise
/afs/athena.mit.edu/user/d/v/dvtran/Documents/6.111/finalproject/bobateam/modules/ddrwam/ddrwam.ise
-intstyle ise -v 3 -s 4 -xml labkit labkit.ncd -o labkit.twr labkit.pcf -ucf
labkit.ucf

Design file:              labkit.ncd
Physical constraint file: labkit.pcf
Device,package,speed:     xc2v6000,bf957,-4 (PRODUCTION 1.121 2008-07-25, STEPPING level 0)
Report level:             verbose report

Environment Variable      Effect 
--------------------      ------ 
NONE                      No environment variables were set
--------------------------------------------------------------------------------

INFO:Timing:2698 - No timing constraints found, doing default enumeration.
INFO:Timing:2752 - To get complete path coverage, use the unconstrained paths 
   option. All paths that are not constrained will be reported in the 
   unconstrained paths section(s) of the report.
INFO:Timing:3339 - The clock-to-out numbers in this timing report are based on 
   a 50 Ohm transmission line loading model.  For the details of this model, 
   and for more information on accounting for different loading conditions, 
   please see the device datasheet.



Data Sheet report:
-----------------
All values displayed in nanoseconds (ns)

Pad to Pad
---------------+---------------+---------+
Source Pad     |Destination Pad|  Delay  |
---------------+---------------+---------+
button3        |led<1>         |   10.343|
switch<0>      |led<4>         |    7.354|
switch<1>      |led<5>         |    7.383|
switch<2>      |led<6>         |    7.830|
switch<3>      |led<7>         |    7.995|
switch<7>      |led<0>         |    6.031|
---------------+---------------+---------+


Analysis completed Tue Nov 14 23:38:34 2017 
--------------------------------------------------------------------------------

Trace Settings:
-------------------------
Trace Settings 

Peak Memory Usage: 332 MB



