Release 10.1.03 - xst K.39 (lin64)
Copyright (c) 1995-2008 Xilinx, Inc.  All rights reserved.
--> 
Parameter TMPDIR set to /afs/athena.mit.edu/user/d/v/dvtran/Documents/6.111/finalproject/bobateam/modules/ddrwam/xst/projnav.tmp


Total REAL time to Xst completion: 0.00 secs
Total CPU time to Xst completion: 0.02 secs
 
--> 
Parameter xsthdpdir set to /afs/athena.mit.edu/user/d/v/dvtran/Documents/6.111/finalproject/bobateam/modules/ddrwam/xst


Total REAL time to Xst completion: 0.00 secs
Total CPU time to Xst completion: 0.02 secs
 
--> 
Reading design: labkit.prj

TABLE OF CONTENTS
  1) Synthesis Options Summary
  2) HDL Compilation
  3) Design Hierarchy Analysis
  4) HDL Analysis
  5) HDL Synthesis
     5.1) HDL Synthesis Report
  6) Advanced HDL Synthesis
     6.1) Advanced HDL Synthesis Report
  7) Low Level Synthesis
  8) Partition Report
  9) Final Report
     9.1) Device utilization summary
     9.2) Partition Resource Summary
     9.3) TIMING REPORT


=========================================================================
*                      Synthesis Options Summary                        *
=========================================================================
---- Source Parameters
Input File Name                    : "labkit.prj"
Input Format                       : mixed
Ignore Synthesis Constraint File   : NO

---- Target Parameters
Output File Name                   : "labkit"
Output Format                      : NGC
Target Device                      : xc2v6000-4-bf957

---- Source Options
Top Module Name                    : labkit
Automatic FSM Extraction           : YES
FSM Encoding Algorithm             : Auto
Safe Implementation                : No
FSM Style                          : lut
RAM Extraction                     : Yes
RAM Style                          : Auto
ROM Extraction                     : Yes
Mux Style                          : Auto
Decoder Extraction                 : YES
Priority Encoder Extraction        : YES
Shift Register Extraction          : YES
Logical Shifter Extraction         : YES
XOR Collapsing                     : YES
ROM Style                          : Auto
Mux Extraction                     : YES
Resource Sharing                   : YES
Asynchronous To Synchronous        : NO
Multiplier Style                   : auto
Automatic Register Balancing       : No

---- Target Options
Add IO Buffers                     : YES
Global Maximum Fanout              : 500
Add Generic Clock Buffer(BUFG)     : 16
Register Duplication               : YES
Slice Packing                      : YES
Optimize Instantiated Primitives   : NO
Convert Tristates To Logic         : Yes
Use Clock Enable                   : Yes
Use Synchronous Set                : Yes
Use Synchronous Reset              : Yes
Pack IO Registers into IOBs        : auto
Equivalent register Removal        : YES

---- General Options
Optimization Goal                  : Speed
Optimization Effort                : 1
Library Search Order               : labkit.lso
Keep Hierarchy                     : NO
Netlist Hierarchy                  : as_optimized
RTL Output                         : Yes
Global Optimization                : AllClockNets
Read Cores                         : YES
Write Timing Constraints           : NO
Cross Clock Analysis               : NO
Hierarchy Separator                : /
Bus Delimiter                      : <>
Case Specifier                     : maintain
Slice Utilization Ratio            : 100
BRAM Utilization Ratio             : 100
Verilog 2001                       : YES
Auto BRAM Packing                  : NO
Slice Utilization Ratio Delta      : 5

=========================================================================


=========================================================================
*                          HDL Compilation                              *
=========================================================================
Compiling verilog file "labkit.v" in library work
Module <labkit> compiled
Module <divider> compiled
Module <timer> compiled
Module <synchronize> compiled
Module <debounce> compiled
Module <interpret_input> compiled
Module <mole> compiled
Module <rng> compiled
Module <gameState> compiled
Module <display_string> compiled
Module <ascii2dots> compiled
No errors in compilation
Analysis of file <"labkit.prj"> succeeded.
 

=========================================================================
*                     Design Hierarchy Analysis                         *
=========================================================================
Analyzing hierarchy for module <labkit> in library <work>.

Analyzing hierarchy for module <debounce> in library <work> with parameters.
	DELAY = "00000000000001000001111010110000"

Analyzing hierarchy for module <divider> in library <work> with parameters.
	DELAY = "00000001100110111111110011000000"

Analyzing hierarchy for module <display_string> in library <work>.

Analyzing hierarchy for module <synchronize> in library <work> with parameters.
	NSYNC = "00000000000000000000000000000010"

Analyzing hierarchy for module <ascii2dots> in library <work>.


=========================================================================
*                            HDL Analysis                               *
=========================================================================
Analyzing top module <labkit>.
Module <labkit> is correct for synthesis.
 
    Set user-defined property "INIT =  FFFF" for instance <reset_sr> in unit <labkit>.
Analyzing module <debounce> in library <work>.
	DELAY = 32'sb00000000000001000001111010110000
Module <debounce> is correct for synthesis.
 
Analyzing module <synchronize> in library <work>.
	NSYNC = 32'sb00000000000000000000000000000010
Module <synchronize> is correct for synthesis.
 
Analyzing module <divider> in library <work>.
	DELAY = 32'b00000001100110111111110011000000
Module <divider> is correct for synthesis.
 
Analyzing module <display_string> in library <work>.
INFO:Xst:1433 - Contents of array <rdots> may be accessed with an index that exceeds the array size. This could cause simulation mismatch.
Module <display_string> is correct for synthesis.
 
Analyzing module <ascii2dots> in library <work>.
Module <ascii2dots> is correct for synthesis.
 

=========================================================================
*                           HDL Synthesis                               *
=========================================================================

Performing bidirectional port resolution...
INFO:Xst:2561 - Always blocking tristate driving signal <flash_data> in unit <labkit> is removed.
INFO:Xst:2561 - Always blocking tristate driving signal <ram0_data> in unit <labkit> is removed.
INFO:Xst:2561 - Always blocking tristate driving signal <user1> in unit <labkit> is removed.
INFO:Xst:2561 - Always blocking tristate driving signal <user2> in unit <labkit> is removed.
INFO:Xst:2561 - Always blocking tristate driving signal <user3> in unit <labkit> is removed.
INFO:Xst:2561 - Always blocking tristate driving signal <user4> in unit <labkit> is removed.
INFO:Xst:2561 - Always blocking tristate driving signal <ram1_data> in unit <labkit> is removed.
INFO:Xst:2561 - Always blocking tristate driving signal <daughtercard> in unit <labkit> is removed.
INFO:Xst:2561 - Always blocking tristate driving signal <systemace_data> in unit <labkit> is removed.
INFO:Xst:2561 - Always blocking tristate driving signal <tv_in_i2c_data> in unit <labkit> is removed.

Synthesizing Unit <divider>.
    Related source file is "labkit.v".
    Found 32-bit up counter for signal <counter>.
    Found 1-bit register for signal <enable>.
    Summary:
	inferred   1 Counter(s).
	inferred   1 D-type flip-flop(s).
Unit <divider> synthesized.


Synthesizing Unit <synchronize>.
    Related source file is "labkit.v".
    Found 1-bit register for signal <out>.
    Found 1-bit register for signal <sync<0>>.
    Summary:
	inferred   2 D-type flip-flop(s).
Unit <synchronize> synthesized.


Synthesizing Unit <ascii2dots>.
    Related source file is "labkit.v".
    Found 128x40-bit ROM for signal <char_dots$mux0000>.
    Summary:
	inferred   1 ROM(s).
Unit <ascii2dots> synthesized.


Synthesizing Unit <debounce>.
    Related source file is "labkit.v".
    Found 20-bit up counter for signal <count>.
    Found 1-bit xor2 for signal <count$xor0000> created at line 476.
    Found 1-bit register for signal <new>.
    Found 1-bit register for signal <temp_clean>.
    Summary:
	inferred   1 Counter(s).
	inferred   2 D-type flip-flop(s).
Unit <debounce> synthesized.


Synthesizing Unit <display_string>.
    Related source file is "labkit.v".
    Found finite state machine <FSM_0> for signal <state>.
    -----------------------------------------------------------------------
    | States             | 7                                              |
    | Transitions        | 11                                             |
    | Inputs             | 3                                              |
    | Outputs            | 7                                              |
    | Clock              | clock (rising_edge)                            |
    | Reset              | dreset (positive)                              |
    | Reset type         | synchronous                                    |
    | Reset State        | 00000000                                       |
    | Encoding           | automatic                                      |
    | Implementation     | LUT                                            |
    -----------------------------------------------------------------------
    Found 16x8-bit ROM for signal <ascii>.
    Found 1-bit register for signal <disp_ce_b>.
    Found 1-bit register for signal <disp_data_out>.
    Found 1-bit register for signal <disp_rs>.
    Found 1-bit register for signal <disp_reset_b>.
    Found 1-bit 40-to-1 multiplexer for signal <$varindex0000> created at line 855.
    Found 4-bit register for signal <char_index>.
    Found 4-bit subtractor for signal <char_index$addsub0000> created at line 861.
    Found 1-bit register for signal <clock>.
    Found 32-bit register for signal <control>.
    Found 5-bit up counter for signal <count>.
    Found 10-bit register for signal <dot_index>.
    Found 10-bit addsub for signal <dot_index$share0000> created at line 788.
    Found 40-bit register for signal <rdots>.
    Found 8-bit down counter for signal <reset_count>.
    Summary:
	inferred   1 Finite State Machine(s).
	inferred   1 ROM(s).
	inferred   2 Counter(s).
	inferred  91 D-type flip-flop(s).
	inferred   2 Adder/Subtractor(s).
	inferred   1 Multiplexer(s).
Unit <display_string> synthesized.


Synthesizing Unit <labkit>.
    Related source file is "labkit.v".
WARNING:Xst:2565 - Inout <user3<28>> is never assigned.
WARNING:Xst:2565 - Inout <user3<4>> is never assigned.
WARNING:Xst:2565 - Inout <user3<29>> is never assigned.
WARNING:Xst:2565 - Inout <user3<5>> is never assigned.
WARNING:Xst:2565 - Inout <user3<6>> is never assigned.
WARNING:Xst:2565 - Inout <user3<7>> is never assigned.
WARNING:Xst:2565 - Inout <user3<8>> is never assigned.
WARNING:Xst:2565 - Inout <user3<9>> is never assigned.
WARNING:Xst:2565 - Inout <daughtercard<10>> is never assigned.
WARNING:Xst:2565 - Inout <flash_data<10>> is never assigned.
WARNING:Xst:2565 - Inout <daughtercard<11>> is never assigned.
WARNING:Xst:2565 - Inout <flash_data<11>> is never assigned.
WARNING:Xst:647 - Input <clock1> is never used. This port will be preserved and left unconnected if it belongs to a top-level block or it belongs to a sub-block and the hierarchy of this sub-block is preserved.
WARNING:Xst:647 - Input <clock2> is never used. This port will be preserved and left unconnected if it belongs to a top-level block or it belongs to a sub-block and the hierarchy of this sub-block is preserved.
WARNING:Xst:2565 - Inout <daughtercard<12>> is never assigned.
WARNING:Xst:2565 - Inout <flash_data<12>> is never assigned.
WARNING:Xst:2565 - Inout <daughtercard<13>> is never assigned.
WARNING:Xst:2565 - Inout <flash_data<13>> is never assigned.
WARNING:Xst:647 - Input <tv_in_aef> is never used. This port will be preserved and left unconnected if it belongs to a top-level block or it belongs to a sub-block and the hierarchy of this sub-block is preserved.
WARNING:Xst:2565 - Inout <daughtercard<14>> is never assigned.
WARNING:Xst:2565 - Inout <flash_data<14>> is never assigned.
WARNING:Xst:647 - Input <tv_in_aff> is never used. This port will be preserved and left unconnected if it belongs to a top-level block or it belongs to a sub-block and the hierarchy of this sub-block is preserved.
WARNING:Xst:2565 - Inout <daughtercard<15>> is never assigned.
WARNING:Xst:2565 - Inout <daughtercard<20>> is never assigned.
WARNING:Xst:2565 - Inout <flash_data<15>> is never assigned.
WARNING:Xst:2565 - Inout <daughtercard<21>> is never assigned.
WARNING:Xst:2565 - Inout <daughtercard<16>> is never assigned.
WARNING:Xst:2565 - Inout <daughtercard<22>> is never assigned.
WARNING:Xst:2565 - Inout <daughtercard<17>> is never assigned.
WARNING:Xst:647 - Input <systemace_irq> is never used. This port will be preserved and left unconnected if it belongs to a top-level block or it belongs to a sub-block and the hierarchy of this sub-block is preserved.
WARNING:Xst:2565 - Inout <daughtercard<18>> is never assigned.
WARNING:Xst:2565 - Inout <daughtercard<23>> is never assigned.
WARNING:Xst:2565 - Inout <flash_data<0>> is never assigned.
WARNING:Xst:647 - Input <clock_feedback_in> is never used. This port will be preserved and left unconnected if it belongs to a top-level block or it belongs to a sub-block and the hierarchy of this sub-block is preserved.
WARNING:Xst:2565 - Inout <daughtercard<19>> is never assigned.
WARNING:Xst:2565 - Inout <daughtercard<24>> is never assigned.
WARNING:Xst:2565 - Inout <flash_data<1>> is never assigned.
WARNING:Xst:647 - Input <disp_data_in> is never used. This port will be preserved and left unconnected if it belongs to a top-level block or it belongs to a sub-block and the hierarchy of this sub-block is preserved.
WARNING:Xst:2565 - Inout <user2<10>> is never assigned.
WARNING:Xst:2565 - Inout <daughtercard<25>> is never assigned.
WARNING:Xst:2565 - Inout <daughtercard<30>> is never assigned.
WARNING:Xst:2565 - Inout <flash_data<2>> is never assigned.
WARNING:Xst:2565 - Inout <user2<11>> is never assigned.
WARNING:Xst:2565 - Inout <daughtercard<31>> is never assigned.
WARNING:Xst:2565 - Inout <daughtercard<26>> is never assigned.
WARNING:Xst:2565 - Inout <flash_data<3>> is never assigned.
WARNING:Xst:2565 - Inout <user2<12>> is never assigned.
WARNING:Xst:2565 - Inout <daughtercard<32>> is never assigned.
WARNING:Xst:2565 - Inout <daughtercard<27>> is never assigned.
WARNING:Xst:2565 - Inout <flash_data<4>> is never assigned.
WARNING:Xst:2565 - Inout <user2<13>> is never assigned.
WARNING:Xst:2565 - Inout <daughtercard<33>> is never assigned.
WARNING:Xst:2565 - Inout <daughtercard<28>> is never assigned.
WARNING:Xst:2565 - Inout <flash_data<5>> is never assigned.
WARNING:Xst:2565 - Inout <user4<0>> is never assigned.
WARNING:Xst:2565 - Inout <user2<14>> is never assigned.
WARNING:Xst:2565 - Inout <daughtercard<34>> is never assigned.
WARNING:Xst:2565 - Inout <daughtercard<29>> is never assigned.
WARNING:Xst:2565 - Inout <flash_data<6>> is never assigned.
WARNING:Xst:2565 - Inout <user4<1>> is never assigned.
WARNING:Xst:2565 - Inout <user2<15>> is never assigned.
WARNING:Xst:2565 - Inout <user2<20>> is never assigned.
WARNING:Xst:2565 - Inout <daughtercard<40>> is never assigned.
WARNING:Xst:2565 - Inout <daughtercard<35>> is never assigned.
WARNING:Xst:2565 - Inout <flash_data<7>> is never assigned.
WARNING:Xst:2565 - Inout <user4<2>> is never assigned.
WARNING:Xst:2565 - Inout <user2<21>> is never assigned.
WARNING:Xst:2565 - Inout <user2<16>> is never assigned.
WARNING:Xst:2565 - Inout <daughtercard<41>> is never assigned.
WARNING:Xst:2565 - Inout <daughtercard<36>> is never assigned.
WARNING:Xst:2565 - Inout <flash_data<8>> is never assigned.
WARNING:Xst:2565 - Inout <user1<0>> is never assigned.
WARNING:Xst:2565 - Inout <user4<3>> is never assigned.
WARNING:Xst:2565 - Inout <user2<17>> is never assigned.
WARNING:Xst:2565 - Inout <user2<22>> is never assigned.
WARNING:Xst:2565 - Inout <daughtercard<37>> is never assigned.
WARNING:Xst:2565 - Inout <daughtercard<42>> is never assigned.
WARNING:Xst:2565 - Inout <flash_data<9>> is never assigned.
WARNING:Xst:2565 - Inout <user1<1>> is never assigned.
WARNING:Xst:2565 - Inout <user4<4>> is never assigned.
WARNING:Xst:2565 - Inout <user2<23>> is never assigned.
WARNING:Xst:2565 - Inout <user2<18>> is never assigned.
WARNING:Xst:647 - Input <keyboard_clock> is never used. This port will be preserved and left unconnected if it belongs to a top-level block or it belongs to a sub-block and the hierarchy of this sub-block is preserved.
WARNING:Xst:2565 - Inout <daughtercard<38>> is never assigned.
WARNING:Xst:2565 - Inout <daughtercard<43>> is never assigned.
WARNING:Xst:2565 - Inout <user1<2>> is never assigned.
WARNING:Xst:2565 - Inout <user4<5>> is never assigned.
WARNING:Xst:2565 - Inout <user2<24>> is never assigned.
WARNING:Xst:2565 - Inout <user2<19>> is never assigned.
WARNING:Xst:2565 - Inout <daughtercard<39>> is never assigned.
WARNING:Xst:2565 - Inout <user1<3>> is never assigned.
WARNING:Xst:2565 - Inout <tv_in_i2c_data> is never assigned.
WARNING:Xst:2565 - Inout <user4<6>> is never assigned.
WARNING:Xst:2565 - Inout <user2<30>> is never assigned.
WARNING:Xst:2565 - Inout <user2<25>> is never assigned.
WARNING:Xst:2565 - Inout <user1<4>> is never assigned.
WARNING:Xst:2565 - Inout <user4<7>> is never assigned.
WARNING:Xst:2565 - Inout <user2<26>> is never assigned.
WARNING:Xst:2565 - Inout <user2<31>> is never assigned.
WARNING:Xst:2565 - Inout <user1<5>> is never assigned.
WARNING:Xst:647 - Input <flash_sts> is never used. This port will be preserved and left unconnected if it belongs to a top-level block or it belongs to a sub-block and the hierarchy of this sub-block is preserved.
WARNING:Xst:2565 - Inout <user4<8>> is never assigned.
WARNING:Xst:647 - Input <rs232_rxd> is never used. This port will be preserved and left unconnected if it belongs to a top-level block or it belongs to a sub-block and the hierarchy of this sub-block is preserved.
WARNING:Xst:2565 - Inout <user2<27>> is never assigned.
WARNING:Xst:2565 - Inout <user1<6>> is never assigned.
WARNING:Xst:2565 - Inout <user4<9>> is never assigned.
WARNING:Xst:2565 - Inout <user2<28>> is never assigned.
WARNING:Xst:647 - Input <mouse_data> is never used. This port will be preserved and left unconnected if it belongs to a top-level block or it belongs to a sub-block and the hierarchy of this sub-block is preserved.
WARNING:Xst:2565 - Inout <user1<7>> is never assigned.
WARNING:Xst:647 - Input <rs232_cts> is never used. This port will be preserved and left unconnected if it belongs to a top-level block or it belongs to a sub-block and the hierarchy of this sub-block is preserved.
WARNING:Xst:2565 - Inout <user2<29>> is never assigned.
WARNING:Xst:2565 - Inout <user1<8>> is never assigned.
WARNING:Xst:2565 - Inout <user1<9>> is never assigned.
WARNING:Xst:2565 - Inout <daughtercard<0>> is never assigned.
WARNING:Xst:2565 - Inout <user4<10>> is never assigned.
WARNING:Xst:2565 - Inout <daughtercard<1>> is never assigned.
WARNING:Xst:647 - Input <switch<7:4>> is never used. This port will be preserved and left unconnected if it belongs to a top-level block or it belongs to a sub-block and the hierarchy of this sub-block is preserved.
WARNING:Xst:2565 - Inout <user4<11>> is never assigned.
WARNING:Xst:2565 - Inout <daughtercard<2>> is never assigned.
WARNING:Xst:2565 - Inout <user4<12>> is never assigned.
WARNING:Xst:2565 - Inout <daughtercard<3>> is never assigned.
WARNING:Xst:2565 - Inout <user4<13>> is never assigned.
WARNING:Xst:2565 - Inout <daughtercard<4>> is never assigned.
WARNING:Xst:2565 - Inout <user4<14>> is never assigned.
WARNING:Xst:2565 - Inout <daughtercard<5>> is never assigned.
WARNING:Xst:2565 - Inout <user4<20>> is never assigned.
WARNING:Xst:2565 - Inout <user4<15>> is never assigned.
WARNING:Xst:2565 - Inout <daughtercard<6>> is never assigned.
WARNING:Xst:2565 - Inout <ram0_data<0>> is never assigned.
WARNING:Xst:2565 - Inout <user4<16>> is never assigned.
WARNING:Xst:2565 - Inout <user4<21>> is never assigned.
WARNING:Xst:2565 - Inout <ram1_data<10>> is never assigned.
WARNING:Xst:2565 - Inout <daughtercard<7>> is never assigned.
WARNING:Xst:2565 - Inout <ram0_data<1>> is never assigned.
WARNING:Xst:2565 - Inout <user4<22>> is never assigned.
WARNING:Xst:2565 - Inout <user4<17>> is never assigned.
WARNING:Xst:2565 - Inout <ram1_data<11>> is never assigned.
WARNING:Xst:2565 - Inout <daughtercard<8>> is never assigned.
WARNING:Xst:2565 - Inout <ram0_data<2>> is never assigned.
WARNING:Xst:2565 - Inout <user4<23>> is never assigned.
WARNING:Xst:2565 - Inout <user4<18>> is never assigned.
WARNING:Xst:2565 - Inout <ram1_data<12>> is never assigned.
WARNING:Xst:2565 - Inout <daughtercard<9>> is never assigned.
WARNING:Xst:2565 - Inout <ram0_data<3>> is never assigned.
WARNING:Xst:2565 - Inout <user4<19>> is never assigned.
WARNING:Xst:2565 - Inout <user4<24>> is never assigned.
WARNING:Xst:2565 - Inout <ram1_data<13>> is never assigned.
WARNING:Xst:2565 - Inout <systemace_data<0>> is never assigned.
WARNING:Xst:2565 - Inout <ram0_data<4>> is never assigned.
WARNING:Xst:2565 - Inout <user4<30>> is never assigned.
WARNING:Xst:2565 - Inout <user4<25>> is never assigned.
WARNING:Xst:2565 - Inout <ram1_data<14>> is never assigned.
WARNING:Xst:2565 - Inout <systemace_data<1>> is never assigned.
WARNING:Xst:2565 - Inout <ram0_data<5>> is never assigned.
WARNING:Xst:2565 - Inout <user4<26>> is never assigned.
WARNING:Xst:2565 - Inout <user4<31>> is never assigned.
WARNING:Xst:2565 - Inout <ram1_data<20>> is never assigned.
WARNING:Xst:2565 - Inout <systemace_data<2>> is never assigned.
WARNING:Xst:2565 - Inout <ram1_data<15>> is never assigned.
WARNING:Xst:2565 - Inout <ram0_data<6>> is never assigned.
WARNING:Xst:2565 - Inout <user4<27>> is never assigned.
WARNING:Xst:2565 - Inout <systemace_data<3>> is never assigned.
WARNING:Xst:2565 - Inout <ram1_data<16>> is never assigned.
WARNING:Xst:2565 - Inout <ram1_data<21>> is never assigned.
WARNING:Xst:2565 - Inout <ram0_data<7>> is never assigned.
WARNING:Xst:647 - Input <tv_in_data_valid> is never used. This port will be preserved and left unconnected if it belongs to a top-level block or it belongs to a sub-block and the hierarchy of this sub-block is preserved.
WARNING:Xst:2565 - Inout <user4<28>> is never assigned.
WARNING:Xst:2565 - Inout <ram1_data<22>> is never assigned.
WARNING:Xst:2565 - Inout <systemace_data<4>> is never assigned.
WARNING:Xst:2565 - Inout <ram1_data<17>> is never assigned.
WARNING:Xst:647 - Input <tv_in_hff> is never used. This port will be preserved and left unconnected if it belongs to a top-level block or it belongs to a sub-block and the hierarchy of this sub-block is preserved.
WARNING:Xst:2565 - Inout <ram0_data<8>> is never assigned.
WARNING:Xst:2565 - Inout <user1<10>> is never assigned.
WARNING:Xst:2565 - Inout <user4<29>> is never assigned.
WARNING:Xst:2565 - Inout <ram1_data<23>> is never assigned.
WARNING:Xst:2565 - Inout <systemace_data<5>> is never assigned.
WARNING:Xst:2565 - Inout <ram1_data<18>> is never assigned.
WARNING:Xst:2565 - Inout <ram0_data<9>> is never assigned.
WARNING:Xst:2565 - Inout <user2<0>> is never assigned.
WARNING:Xst:2565 - Inout <user1<11>> is never assigned.
WARNING:Xst:647 - Input <tv_in_ycrcb> is never used. This port will be preserved and left unconnected if it belongs to a top-level block or it belongs to a sub-block and the hierarchy of this sub-block is preserved.
WARNING:Xst:2565 - Inout <ram0_data<10>> is never assigned.
WARNING:Xst:2565 - Inout <ram1_data<24>> is never assigned.
WARNING:Xst:2565 - Inout <systemace_data<6>> is never assigned.
WARNING:Xst:2565 - Inout <ram1_data<19>> is never assigned.
WARNING:Xst:2565 - Inout <user2<1>> is never assigned.
WARNING:Xst:2565 - Inout <user1<12>> is never assigned.
WARNING:Xst:2565 - Inout <ram0_data<11>> is never assigned.
WARNING:Xst:2565 - Inout <systemace_data<7>> is never assigned.
WARNING:Xst:2565 - Inout <ram1_data<25>> is never assigned.
WARNING:Xst:2565 - Inout <ram1_data<30>> is never assigned.
WARNING:Xst:2565 - Inout <user1<13>> is never assigned.
WARNING:Xst:2565 - Inout <user2<2>> is never assigned.
WARNING:Xst:2565 - Inout <ram0_data<12>> is never assigned.
WARNING:Xst:2565 - Inout <ram1_data<31>> is never assigned.
WARNING:Xst:2565 - Inout <systemace_data<8>> is never assigned.
WARNING:Xst:2565 - Inout <ram1_data<26>> is never assigned.
WARNING:Xst:2565 - Inout <user2<3>> is never assigned.
WARNING:Xst:2565 - Inout <user1<14>> is never assigned.
WARNING:Xst:2565 - Inout <ram0_data<13>> is never assigned.
WARNING:Xst:2565 - Inout <ram1_data<32>> is never assigned.
WARNING:Xst:2565 - Inout <systemace_data<9>> is never assigned.
WARNING:Xst:2565 - Inout <ram1_data<27>> is never assigned.
WARNING:Xst:2565 - Inout <user2<4>> is never assigned.
WARNING:Xst:2565 - Inout <user1<15>> is never assigned.
WARNING:Xst:2565 - Inout <user1<20>> is never assigned.
WARNING:Xst:2565 - Inout <ram0_data<14>> is never assigned.
WARNING:Xst:647 - Input <tv_in_line_clock1> is never used. This port will be preserved and left unconnected if it belongs to a top-level block or it belongs to a sub-block and the hierarchy of this sub-block is preserved.
WARNING:Xst:2565 - Inout <ram1_data<28>> is never assigned.
WARNING:Xst:2565 - Inout <ram1_data<33>> is never assigned.
WARNING:Xst:647 - Input <tv_in_line_clock2> is never used. This port will be preserved and left unconnected if it belongs to a top-level block or it belongs to a sub-block and the hierarchy of this sub-block is preserved.
WARNING:Xst:2565 - Inout <ram1_data<0>> is never assigned.
WARNING:Xst:2565 - Inout <user1<16>> is never assigned.
WARNING:Xst:2565 - Inout <user2<5>> is never assigned.
WARNING:Xst:2565 - Inout <user1<21>> is never assigned.
WARNING:Xst:2565 - Inout <ram0_data<20>> is never assigned.
WARNING:Xst:2565 - Inout <ram0_data<15>> is never assigned.
WARNING:Xst:2565 - Inout <ram1_data<29>> is never assigned.
WARNING:Xst:2565 - Inout <ram1_data<34>> is never assigned.
WARNING:Xst:647 - Input <keyboard_data> is never used. This port will be preserved and left unconnected if it belongs to a top-level block or it belongs to a sub-block and the hierarchy of this sub-block is preserved.
WARNING:Xst:2565 - Inout <ram1_data<1>> is never assigned.
WARNING:Xst:2565 - Inout <user1<17>> is never assigned.
WARNING:Xst:2565 - Inout <user2<6>> is never assigned.
WARNING:Xst:2565 - Inout <user1<22>> is never assigned.
WARNING:Xst:2565 - Inout <ram0_data<21>> is never assigned.
WARNING:Xst:2565 - Inout <ram0_data<16>> is never assigned.
WARNING:Xst:2565 - Inout <ram1_data<35>> is never assigned.
WARNING:Xst:2565 - Inout <ram1_data<2>> is never assigned.
WARNING:Xst:2565 - Inout <user1<18>> is never assigned.
WARNING:Xst:2565 - Inout <user2<7>> is never assigned.
WARNING:Xst:2565 - Inout <user1<23>> is never assigned.
WARNING:Xst:2565 - Inout <ram0_data<22>> is never assigned.
WARNING:Xst:2565 - Inout <ram0_data<17>> is never assigned.
WARNING:Xst:2565 - Inout <ram1_data<3>> is never assigned.
WARNING:Xst:2565 - Inout <systemace_data<10>> is never assigned.
WARNING:Xst:2565 - Inout <user1<24>> is never assigned.
WARNING:Xst:2565 - Inout <user2<8>> is never assigned.
WARNING:Xst:2565 - Inout <user1<19>> is never assigned.
WARNING:Xst:2565 - Inout <ram0_data<23>> is never assigned.
WARNING:Xst:2565 - Inout <ram0_data<18>> is never assigned.
WARNING:Xst:647 - Input <ac97_sdata_in> is never used. This port will be preserved and left unconnected if it belongs to a top-level block or it belongs to a sub-block and the hierarchy of this sub-block is preserved.
WARNING:Xst:2565 - Inout <ram1_data<4>> is never assigned.
WARNING:Xst:2565 - Inout <systemace_data<11>> is never assigned.
WARNING:Xst:2565 - Inout <user1<25>> is never assigned.
WARNING:Xst:2565 - Inout <user2<9>> is never assigned.
WARNING:Xst:2565 - Inout <user1<30>> is never assigned.
WARNING:Xst:2565 - Inout <ram0_data<24>> is never assigned.
WARNING:Xst:2565 - Inout <ram0_data<19>> is never assigned.
WARNING:Xst:2565 - Inout <ram1_data<5>> is never assigned.
WARNING:Xst:2565 - Inout <systemace_data<12>> is never assigned.
WARNING:Xst:2565 - Inout <user1<26>> is never assigned.
WARNING:Xst:2565 - Inout <user1<31>> is never assigned.
WARNING:Xst:2565 - Inout <ram0_data<25>> is never assigned.
WARNING:Xst:2565 - Inout <ram0_data<30>> is never assigned.
WARNING:Xst:2565 - Inout <ram1_data<6>> is never assigned.
WARNING:Xst:2565 - Inout <systemace_data<13>> is never assigned.
WARNING:Xst:2565 - Inout <user1<27>> is never assigned.
WARNING:Xst:2565 - Inout <ram0_data<31>> is never assigned.
WARNING:Xst:2565 - Inout <ram0_data<26>> is never assigned.
WARNING:Xst:2565 - Inout <ram1_data<7>> is never assigned.
WARNING:Xst:2565 - Inout <systemace_data<14>> is never assigned.
WARNING:Xst:2565 - Inout <user1<28>> is never assigned.
WARNING:Xst:2565 - Inout <ram0_data<32>> is never assigned.
WARNING:Xst:2565 - Inout <ram0_data<27>> is never assigned.
WARNING:Xst:2565 - Inout <ram1_data<8>> is never assigned.
WARNING:Xst:2565 - Inout <systemace_data<15>> is never assigned.
WARNING:Xst:2565 - Inout <user1<29>> is never assigned.
WARNING:Xst:2565 - Inout <ram0_data<28>> is never assigned.
WARNING:Xst:2565 - Inout <ram0_data<33>> is never assigned.
WARNING:Xst:647 - Input <systemace_mpbrdy> is never used. This port will be preserved and left unconnected if it belongs to a top-level block or it belongs to a sub-block and the hierarchy of this sub-block is preserved.
WARNING:Xst:2565 - Inout <ram1_data<9>> is never assigned.
WARNING:Xst:2565 - Inout <ram0_data<34>> is never assigned.
WARNING:Xst:2565 - Inout <ram0_data<29>> is never assigned.
WARNING:Xst:2565 - Inout <ram0_data<35>> is never assigned.
WARNING:Xst:2565 - Inout <user3<10>> is never assigned.
WARNING:Xst:647 - Input <mouse_clock> is never used. This port will be preserved and left unconnected if it belongs to a top-level block or it belongs to a sub-block and the hierarchy of this sub-block is preserved.
WARNING:Xst:2565 - Inout <user3<11>> is never assigned.
WARNING:Xst:2565 - Inout <user3<12>> is never assigned.
WARNING:Xst:2565 - Inout <user3<13>> is never assigned.
WARNING:Xst:647 - Input <ac97_bit_clock> is never used. This port will be preserved and left unconnected if it belongs to a top-level block or it belongs to a sub-block and the hierarchy of this sub-block is preserved.
WARNING:Xst:2565 - Inout <user3<14>> is never assigned.
WARNING:Xst:2565 - Inout <user3<20>> is never assigned.
WARNING:Xst:2565 - Inout <user3<15>> is never assigned.
WARNING:Xst:2565 - Inout <user3<21>> is never assigned.
WARNING:Xst:2565 - Inout <user3<16>> is never assigned.
WARNING:Xst:2565 - Inout <user3<22>> is never assigned.
WARNING:Xst:2565 - Inout <user3<17>> is never assigned.
WARNING:Xst:2565 - Inout <user3<23>> is never assigned.
WARNING:Xst:2565 - Inout <user3<18>> is never assigned.
WARNING:Xst:2565 - Inout <user3<24>> is never assigned.
WARNING:Xst:2565 - Inout <user3<19>> is never assigned.
WARNING:Xst:2565 - Inout <user3<0>> is never assigned.
WARNING:Xst:2565 - Inout <user3<30>> is never assigned.
WARNING:Xst:2565 - Inout <user3<25>> is never assigned.
WARNING:Xst:2565 - Inout <user3<1>> is never assigned.
WARNING:Xst:2565 - Inout <user3<26>> is never assigned.
WARNING:Xst:2565 - Inout <user3<31>> is never assigned.
WARNING:Xst:2565 - Inout <user3<2>> is never assigned.
WARNING:Xst:2565 - Inout <user3<27>> is never assigned.
WARNING:Xst:2565 - Inout <user3<3>> is never assigned.
WARNING:Xst:646 - Signal <right> is assigned but never used. This unconnected signal will be trimmed during the optimization process.
WARNING:Xst:646 - Signal <left> is assigned but never used. This unconnected signal will be trimmed during the optimization process.
WARNING:Xst:646 - Signal <downright> is assigned but never used. This unconnected signal will be trimmed during the optimization process.
WARNING:Xst:646 - Signal <downleft> is assigned but never used. This unconnected signal will be trimmed during the optimization process.
WARNING:Xst:646 - Signal <down> is assigned but never used. This unconnected signal will be trimmed during the optimization process.
    Found 1-bit register for signal <toggler>.
    Summary:
	inferred   1 D-type flip-flop(s).
Unit <labkit> synthesized.

INFO:Xst:1767 - HDL ADVISOR - Resource sharing has identified that some arithmetic operations in this design can share the same physical resources for reduced device utilization. For improved clock frequency you may try to disable resource sharing.

=========================================================================
HDL Synthesis Report

Macro Statistics
# ROMs                                                 : 2
 128x40-bit ROM                                        : 1
 16x8-bit ROM                                          : 1
# Adders/Subtractors                                   : 2
 10-bit addsub                                         : 1
 4-bit subtractor                                      : 1
# Counters                                             : 12
 20-bit up counter                                     : 9
 32-bit up counter                                     : 1
 5-bit up counter                                      : 1
 8-bit down counter                                    : 1
# Registers                                            : 47
 1-bit register                                        : 43
 10-bit register                                       : 1
 32-bit register                                       : 1
 4-bit register                                        : 1
 40-bit register                                       : 1
# Multiplexers                                         : 1
 1-bit 40-to-1 multiplexer                             : 1
# Xors                                                 : 9
 1-bit xor2                                            : 9

=========================================================================

=========================================================================
*                       Advanced HDL Synthesis                          *
=========================================================================

Analyzing FSM <FSM_0> for best encoding.
Optimizing FSM <debug_display/state/FSM> on signal <state[1:3]> with sequential encoding.
----------------------
 State    | Encoding
----------------------
 00000000 | 000
 00000001 | 001
 00000010 | 010
 00000011 | 011
 00000100 | 100
 00000101 | 101
 00000110 | 110
----------------------
Loading device for application Rf_Device from file '2v6000.nph' in environment /afs/csail.mit.edu/proj/redsocs/Xilinx10.1/ISE.

Synthesizing (advanced) Unit <display_string>.
INFO:Xst - In order to maximize performance and save block RAM resources, the small ROM <Mrom_ascii> will be implemented on LUT. If you want to force its implementation on block, use option/constraint rom_style.
Unit <display_string> synthesized (advanced).
WARNING:Xst:2677 - Node <temp_clean> of sequential type is unconnected in block <db_dl>.
WARNING:Xst:2677 - Node <temp_clean> of sequential type is unconnected in block <db_dr>.
WARNING:Xst:2677 - Node <temp_clean> of sequential type is unconnected in block <db_d>.
WARNING:Xst:2677 - Node <temp_clean> of sequential type is unconnected in block <db_l>.
WARNING:Xst:2677 - Node <temp_clean> of sequential type is unconnected in block <db_r>.

=========================================================================
Advanced HDL Synthesis Report

Macro Statistics
# ROMs                                                 : 2
 128x40-bit ROM                                        : 1
 16x8-bit ROM                                          : 1
# Adders/Subtractors                                   : 2
 10-bit addsub                                         : 1
 4-bit subtractor                                      : 1
# Counters                                             : 12
 20-bit up counter                                     : 9
 32-bit up counter                                     : 1
 5-bit up counter                                      : 1
 8-bit down counter                                    : 1
# Registers                                            : 132
 Flip-Flops                                            : 132
# Multiplexers                                         : 1
 1-bit 40-to-1 multiplexer                             : 1
# Xors                                                 : 9
 1-bit xor2                                            : 9

=========================================================================

=========================================================================
*                         Low Level Synthesis                           *
=========================================================================
WARNING:Xst:2677 - Node <db_r/sync1/sync_0> of sequential type is unconnected in block <labkit>.
WARNING:Xst:2677 - Node <db_r/sync1/out> of sequential type is unconnected in block <labkit>.
WARNING:Xst:2677 - Node <db_r/new> of sequential type is unconnected in block <labkit>.
WARNING:Xst:2677 - Node <db_r/temp_clean> of sequential type is unconnected in block <labkit>.
WARNING:Xst:2677 - Node <db_l/sync1/sync_0> of sequential type is unconnected in block <labkit>.
WARNING:Xst:2677 - Node <db_l/sync1/out> of sequential type is unconnected in block <labkit>.
WARNING:Xst:2677 - Node <db_l/new> of sequential type is unconnected in block <labkit>.
WARNING:Xst:2677 - Node <db_l/temp_clean> of sequential type is unconnected in block <labkit>.
WARNING:Xst:2677 - Node <db_d/sync1/sync_0> of sequential type is unconnected in block <labkit>.
WARNING:Xst:2677 - Node <db_d/sync1/out> of sequential type is unconnected in block <labkit>.
WARNING:Xst:2677 - Node <db_d/new> of sequential type is unconnected in block <labkit>.
WARNING:Xst:2677 - Node <db_d/temp_clean> of sequential type is unconnected in block <labkit>.
WARNING:Xst:2677 - Node <db_dr/sync1/sync_0> of sequential type is unconnected in block <labkit>.
WARNING:Xst:2677 - Node <db_dr/sync1/out> of sequential type is unconnected in block <labkit>.
WARNING:Xst:2677 - Node <db_dr/new> of sequential type is unconnected in block <labkit>.
WARNING:Xst:2677 - Node <db_dr/temp_clean> of sequential type is unconnected in block <labkit>.
WARNING:Xst:2677 - Node <db_dl/sync1/sync_0> of sequential type is unconnected in block <labkit>.
WARNING:Xst:2677 - Node <db_dl/sync1/out> of sequential type is unconnected in block <labkit>.
WARNING:Xst:2677 - Node <db_dl/new> of sequential type is unconnected in block <labkit>.
WARNING:Xst:2677 - Node <db_dl/temp_clean> of sequential type is unconnected in block <labkit>.

Optimizing unit <labkit> ...

Optimizing unit <ascii2dots> ...

Optimizing unit <display_string> ...
WARNING:Xst:1710 - FF/Latch <debug_display/rdots_39> (without init value) has a constant value of 0 in block <labkit>. This FF/Latch will be trimmed during the optimization process.
WARNING:Xst:1710 - FF/Latch <debug_display/rdots_31> (without init value) has a constant value of 0 in block <labkit>. This FF/Latch will be trimmed during the optimization process.
WARNING:Xst:1710 - FF/Latch <debug_display/rdots_28> (without init value) has a constant value of 0 in block <labkit>. This FF/Latch will be trimmed during the optimization process.
WARNING:Xst:1710 - FF/Latch <debug_display/rdots_26> (without init value) has a constant value of 0 in block <labkit>. This FF/Latch will be trimmed during the optimization process.
WARNING:Xst:1710 - FF/Latch <debug_display/rdots_25> (without init value) has a constant value of 0 in block <labkit>. This FF/Latch will be trimmed during the optimization process.
WARNING:Xst:1710 - FF/Latch <debug_display/rdots_23> (without init value) has a constant value of 0 in block <labkit>. This FF/Latch will be trimmed during the optimization process.
WARNING:Xst:1710 - FF/Latch <debug_display/rdots_20> (without init value) has a constant value of 0 in block <labkit>. This FF/Latch will be trimmed during the optimization process.
WARNING:Xst:1710 - FF/Latch <debug_display/rdots_17> (without init value) has a constant value of 0 in block <labkit>. This FF/Latch will be trimmed during the optimization process.
WARNING:Xst:1710 - FF/Latch <debug_display/rdots_15> (without init value) has a constant value of 0 in block <labkit>. This FF/Latch will be trimmed during the optimization process.
WARNING:Xst:1710 - FF/Latch <debug_display/rdots_7> (without init value) has a constant value of 0 in block <labkit>. This FF/Latch will be trimmed during the optimization process.
WARNING:Xst:1710 - FF/Latch <debug_display/rdots_5> (without init value) has a constant value of 0 in block <labkit>. This FF/Latch will be trimmed during the optimization process.
WARNING:Xst:1710 - FF/Latch <debug_display/rdots_4> (without init value) has a constant value of 0 in block <labkit>. This FF/Latch will be trimmed during the optimization process.
WARNING:Xst:1710 - FF/Latch <debug_display/rdots_3> (without init value) has a constant value of 0 in block <labkit>. This FF/Latch will be trimmed during the optimization process.
WARNING:Xst:1710 - FF/Latch <debug_display/rdots_2> (without init value) has a constant value of 0 in block <labkit>. This FF/Latch will be trimmed during the optimization process.
WARNING:Xst:1710 - FF/Latch <debug_display/rdots_1> (without init value) has a constant value of 0 in block <labkit>. This FF/Latch will be trimmed during the optimization process.

Mapping all equations...
Building and optimizing final netlist ...
Found area constraint ratio of 100 (+ 5) on block labkit, actual ratio is 0.
FlipFlop debug_display/dot_index_0 has been replicated 1 time(s)
FlipFlop debug_display/dot_index_1 has been replicated 1 time(s)
FlipFlop debug_display/dot_index_3 has been replicated 1 time(s)

Final Macro Processing ...

Processing Unit <labkit> :
	Found 7-bit shift register for signal <debug_display/control_30>.
	Found 7-bit shift register for signal <debug_display/control_22>.
	Found 7-bit shift register for signal <debug_display/control_14>.
	Found 7-bit shift register for signal <debug_display/control_6>.
Unit <labkit> processed.

=========================================================================
Final Register Report

Macro Statistics
# Registers                                            : 197
 Flip-Flops                                            : 197
# Shift Registers                                      : 4
 7-bit shift register                                  : 4

=========================================================================

=========================================================================
*                           Partition Report                             *
=========================================================================

Partition Implementation Status
-------------------------------

  No Partitions were found in this design.

-------------------------------

=========================================================================
*                            Final Report                               *
=========================================================================
Final Results
RTL Top Level Output File Name     : labkit.ngr
Top Level Output File Name         : labkit
Output Format                      : NGC
Optimization Goal                  : Speed
Keep Hierarchy                     : NO

Design Statistics
# IOs                              : 576

Cell Usage :
# BELS                             : 631
#      GND                         : 1
#      INV                         : 21
#      LUT1                        : 108
#      LUT2                        : 18
#      LUT2_D                      : 2
#      LUT2_L                      : 2
#      LUT3                        : 49
#      LUT3_D                      : 4
#      LUT3_L                      : 5
#      LUT4                        : 113
#      LUT4_D                      : 8
#      LUT4_L                      : 12
#      MUXCY                       : 142
#      MUXF5                       : 17
#      MUXF6                       : 5
#      MUXF7                       : 2
#      MUXF8                       : 1
#      VCC                         : 1
#      XORCY                       : 120
# FlipFlops/Latches                : 211
#      FD                          : 8
#      FDE                         : 45
#      FDR                         : 48
#      FDRE                        : 86
#      FDRS                        : 14
#      FDSE                        : 10
# Shift Registers                  : 5
#      SRL16                       : 1
#      SRL16E                      : 4
# Clock Buffers                    : 2
#      BUFG                        : 1
#      BUFGP                       : 1
# IO Buffers                       : 248
#      IBUF                        : 8
#      OBUF                        : 240
=========================================================================

Device utilization summary:
---------------------------

Selected Device : 2v6000bf957-4 

 Number of Slices:                      179  out of  33792     0%  
 Number of Slice Flip Flops:            211  out of  67584     0%  
 Number of 4 input LUTs:                347  out of  67584     0%  
    Number used as logic:               342
    Number used as Shift registers:       5
 Number of IOs:                         576
 Number of bonded IOBs:                 249  out of    684    36%  
 Number of GCLKs:                         2  out of     16    12%  

---------------------------
Partition Resource Summary:
---------------------------

  No Partitions were found in this design.

---------------------------


=========================================================================
TIMING REPORT

NOTE: THESE TIMING NUMBERS ARE ONLY A SYNTHESIS ESTIMATE.
      FOR ACCURATE TIMING INFORMATION PLEASE REFER TO THE TRACE REPORT
      GENERATED AFTER PLACE-and-ROUTE.

Clock Information:
------------------
-----------------------------------+------------------------+-------+
Clock Signal                       | Clock buffer(FF name)  | Load  |
-----------------------------------+------------------------+-------+
clock_27mhz                        | BUFGP                  | 144   |
debug_display/clock1               | BUFG                   | 71    |
one_hz_div/enable                  | NONE(toggler)          | 1     |
-----------------------------------+------------------------+-------+
INFO:Xst:2169 - HDL ADVISOR - Some clock signals were not automatically buffered by XST with BUFG/BUFR resources. Please use the buffer_type constraint in order to insert these buffers to the clock signals to help prevent skew problems.

Asynchronous Control Signals Information:
----------------------------------------
No asynchronous control signals found in this design

Timing Summary:
---------------
Speed Grade: -4

   Minimum period: 7.279ns (Maximum Frequency: 137.382MHz)
   Minimum input arrival time before clock: 1.712ns
   Maximum output required time after clock: 6.771ns
   Maximum combinational path delay: 5.703ns

Timing Detail:
--------------
All values displayed in nanoseconds (ns)

=========================================================================
Timing constraint: Default period analysis for Clock 'clock_27mhz'
  Clock period: 6.582ns (frequency: 151.938MHz)
  Total number of paths / destination ports: 4621 / 358
-------------------------------------------------------------------------
Delay:               6.582ns (Levels of Logic = 10)
  Source:            one_hz_div/counter_8 (FF)
  Destination:       one_hz_div/counter_0 (FF)
  Source Clock:      clock_27mhz rising
  Destination Clock: clock_27mhz rising

  Data Path: one_hz_div/counter_8 to one_hz_div/counter_0
                                Gate     Net
    Cell:in->out      fanout   Delay   Delay  Logical Name (Net Name)
    ----------------------------------------  ------------
     FDR:C->Q              2   0.568   0.987  one_hz_div/counter_8 (one_hz_div/counter_8)
     LUT4:I0->O            1   0.439   0.000  one_hz_div/enable_cmp_eq0000_wg_lut<0> (one_hz_div/enable_cmp_eq0000_wg_lut<0>)
     MUXCY:S->O            1   0.298   0.000  one_hz_div/enable_cmp_eq0000_wg_cy<0> (one_hz_div/enable_cmp_eq0000_wg_cy<0>)
     MUXCY:CI->O           1   0.053   0.000  one_hz_div/enable_cmp_eq0000_wg_cy<1> (one_hz_div/enable_cmp_eq0000_wg_cy<1>)
     MUXCY:CI->O           1   0.053   0.000  one_hz_div/enable_cmp_eq0000_wg_cy<2> (one_hz_div/enable_cmp_eq0000_wg_cy<2>)
     MUXCY:CI->O           1   0.053   0.000  one_hz_div/enable_cmp_eq0000_wg_cy<3> (one_hz_div/enable_cmp_eq0000_wg_cy<3>)
     MUXCY:CI->O           1   0.053   0.000  one_hz_div/enable_cmp_eq0000_wg_cy<4> (one_hz_div/enable_cmp_eq0000_wg_cy<4>)
     MUXCY:CI->O           1   0.053   0.000  one_hz_div/enable_cmp_eq0000_wg_cy<5> (one_hz_div/enable_cmp_eq0000_wg_cy<5>)
     MUXCY:CI->O           1   0.053   0.000  one_hz_div/enable_cmp_eq0000_wg_cy<6> (one_hz_div/enable_cmp_eq0000_wg_cy<6>)
     MUXCY:CI->O           2   1.256   0.910  one_hz_div/enable_cmp_eq0000_wg_cy<7> (one_hz_div/enable_cmp_eq0000)
     LUT3:I1->O           32   0.439   1.088  one_hz_div/counter_or00001 (one_hz_div/counter_or0000)
     FDR:R                     0.280          one_hz_div/counter_0
    ----------------------------------------
    Total                      6.582ns (3.598ns logic, 2.984ns route)
                                       (54.7% logic, 45.3% route)

=========================================================================
Timing constraint: Default period analysis for Clock 'debug_display/clock1'
  Clock period: 7.279ns (frequency: 137.382MHz)
  Total number of paths / destination ports: 2361 / 102
-------------------------------------------------------------------------
Delay:               7.279ns (Levels of Logic = 6)
  Source:            debug_display/dot_index_2 (FF)
  Destination:       debug_display/dot_index_6 (FF)
  Source Clock:      debug_display/clock1 rising
  Destination Clock: debug_display/clock1 rising

  Data Path: debug_display/dot_index_2 to debug_display/dot_index_6
                                Gate     Net
    Cell:in->out      fanout   Delay   Delay  Logical Name (Net Name)
    ----------------------------------------  ------------
     FDRS:C->Q            16   0.568   1.208  debug_display/dot_index_2 (debug_display/dot_index_2)
     LUT2_L:I1->LO         1   0.439   0.140  debug_display/dot_index_mux0000<4>71_SW0 (N39)
     LUT4:I3->O            5   0.439   0.811  debug_display/dot_index_mux0000<4>71 (debug_display/N47)
     LUT4:I3->O            7   0.439   0.856  debug_display/Maddsub_dot_index_share0000_cy<5>1 (debug_display/Maddsub_dot_index_share0000_cy<5>)
     LUT4_D:I3->O          1   0.439   0.551  debug_display/dot_index_mux0000<0>62 (debug_display/N36)
     LUT4_L:I2->LO         1   0.439   0.140  debug_display/dot_index_mux0000<3>_SW1 (N34)
     LUT4:I3->O            1   0.439   0.000  debug_display/dot_index_mux0000<3> (debug_display/dot_index_mux0000<3>)
     FDR:D                     0.370          debug_display/dot_index_6
    ----------------------------------------
    Total                      7.279ns (3.572ns logic, 3.707ns route)
                                       (49.1% logic, 50.9% route)

=========================================================================
Timing constraint: Default period analysis for Clock 'one_hz_div/enable'
  Clock period: 1.549ns (frequency: 645.370MHz)
  Total number of paths / destination ports: 1 / 1
-------------------------------------------------------------------------
Delay:               1.549ns (Levels of Logic = 0)
  Source:            toggler (FF)
  Destination:       toggler (FF)
  Source Clock:      one_hz_div/enable rising
  Destination Clock: one_hz_div/enable rising

  Data Path: toggler to toggler
                                Gate     Net
    Cell:in->out      fanout   Delay   Delay  Logical Name (Net Name)
    ----------------------------------------  ------------
     FDR:C->Q              2   0.568   0.702  toggler (toggler)
     FDR:R                     0.280          toggler
    ----------------------------------------
    Total                      1.549ns (0.848ns logic, 0.702ns route)
                                       (54.7% logic, 45.3% route)

=========================================================================
Timing constraint: Default OFFSET IN BEFORE for Clock 'clock_27mhz'
  Total number of paths / destination ports: 4 / 4
-------------------------------------------------------------------------
Offset:              1.712ns (Levels of Logic = 1)
  Source:            button_enter (PAD)
  Destination:       db_e/sync1/sync_0 (FF)
  Destination Clock: clock_27mhz rising

  Data Path: button_enter to db_e/sync1/sync_0
                                Gate     Net
    Cell:in->out      fanout   Delay   Delay  Logical Name (Net Name)
    ----------------------------------------  ------------
     IBUF:I->O             1   0.825   0.517  button_enter_IBUF (button_enter_IBUF)
     FD:D                      0.370          db_e/sync1/sync_0
    ----------------------------------------
    Total                      1.712ns (1.195ns logic, 0.517ns route)
                                       (69.8% logic, 30.2% route)

=========================================================================
Timing constraint: Default OFFSET OUT AFTER for Clock 'debug_display/clock1'
  Total number of paths / destination ports: 4 / 4
-------------------------------------------------------------------------
Offset:              5.630ns (Levels of Logic = 1)
  Source:            debug_display/disp_rs (FF)
  Destination:       disp_rs (PAD)
  Source Clock:      debug_display/clock1 rising

  Data Path: debug_display/disp_rs to disp_rs
                                Gate     Net
    Cell:in->out      fanout   Delay   Delay  Logical Name (Net Name)
    ----------------------------------------  ------------
     FDE:C->Q              2   0.568   0.701  debug_display/disp_rs (debug_display/disp_rs)
     OBUF:I->O                 4.361          disp_rs_OBUF (disp_rs)
    ----------------------------------------
    Total                      5.630ns (4.929ns logic, 0.701ns route)
                                       (87.5% logic, 12.5% route)

=========================================================================
Timing constraint: Default OFFSET OUT AFTER for Clock 'clock_27mhz'
  Total number of paths / destination ports: 4 / 4
-------------------------------------------------------------------------
Offset:              6.771ns (Levels of Logic = 2)
  Source:            debug_display/clock (FF)
  Destination:       disp_clock (PAD)
  Source Clock:      clock_27mhz rising

  Data Path: debug_display/clock to disp_clock
                                Gate     Net
    Cell:in->out      fanout   Delay   Delay  Logical Name (Net Name)
    ----------------------------------------  ------------
     FDRE:C->Q             2   0.568   0.701  debug_display/clock (debug_display/clock1)
     INV:I->O              2   0.439   0.701  debug_display/disp_clock1_INV_0 (disp_clock_OBUF)
     OBUF:I->O                 4.361          disp_clock_OBUF (disp_clock)
    ----------------------------------------
    Total                      6.771ns (5.368ns logic, 1.403ns route)
                                       (79.3% logic, 20.7% route)

=========================================================================
Timing constraint: Default OFFSET OUT AFTER for Clock 'one_hz_div/enable'
  Total number of paths / destination ports: 1 / 1
-------------------------------------------------------------------------
Offset:              5.630ns (Levels of Logic = 1)
  Source:            toggler (FF)
  Destination:       led<3> (PAD)
  Source Clock:      one_hz_div/enable rising

  Data Path: toggler to led<3>
                                Gate     Net
    Cell:in->out      fanout   Delay   Delay  Logical Name (Net Name)
    ----------------------------------------  ------------
     FDR:C->Q              2   0.568   0.701  toggler (toggler)
     OBUF:I->O                 4.361          led_3_OBUF (led<3>)
    ----------------------------------------
    Total                      5.630ns (4.929ns logic, 0.701ns route)
                                       (87.5% logic, 12.5% route)

=========================================================================
Timing constraint: Default path analysis
  Total number of paths / destination ports: 4 / 4
-------------------------------------------------------------------------
Delay:               5.703ns (Levels of Logic = 2)
  Source:            switch<3> (PAD)
  Destination:       led<7> (PAD)

  Data Path: switch<3> to led<7>
                                Gate     Net
    Cell:in->out      fanout   Delay   Delay  Logical Name (Net Name)
    ----------------------------------------  ------------
     IBUF:I->O             1   0.825   0.517  switch_3_IBUF (switch_3_IBUF)
     OBUF:I->O                 4.361          led_7_OBUF (led<7>)
    ----------------------------------------
    Total                      5.703ns (5.186ns logic, 0.517ns route)
                                       (90.9% logic, 9.1% route)

=========================================================================


Total REAL time to Xst completion: 6.00 secs
Total CPU time to Xst completion: 5.86 secs
 
--> 


Total memory usage is 474088 kilobytes

Number of errors   :    0 (   0 filtered)
Number of warnings :  345 (   0 filtered)
Number of infos    :   14 (   0 filtered)

